<?xml version="1.0" encoding="UTF-8"?>
<testsuite xmlns:xsi="http://www.w3.org/2001/XMLSchema-instance" xsi:noNamespaceSchemaLocation="https://maven.apache.org/surefire/maven-surefire-plugin/xsd/surefire-test-report-3.0.xsd" version="3.0" name="gc.apiClient.GcClientApplicationTests" time="20.522" tests="1" errors="0" skipped="0" failures="0">
  <properties>
    <property name="java.specification.version" value="21"/>
    <property name="sun.cpu.isalist" value="amd64"/>
    <property name="sun.jnu.encoding" value="MS949"/>
    <property name="java.class.path" value="D:\LG_Project\GcAPIGateway\target\test-classes;D:\LG_Project\GcAPIGateway\target\classes;C:\Users\인포전스\.m2\repository\org\springframework\boot\spring-boot-starter-data-jpa\3.2.2\spring-boot-starter-data-jpa-3.2.2.jar;C:\Users\인포전스\.m2\repository\org\springframework\boot\spring-boot-starter-aop\3.2.2\spring-boot-starter-aop-3.2.2.jar;C:\Users\인포전스\.m2\repository\org\springframework\spring-aop\6.1.3\spring-aop-6.1.3.jar;C:\Users\인포전스\.m2\repository\org\aspectj\aspectjweaver\1.9.21\aspectjweaver-1.9.21.jar;C:\Users\인포전스\.m2\repository\org\springframework\boot\spring-boot-starter-jdbc\3.2.2\spring-boot-starter-jdbc-3.2.2.jar;C:\Users\인포전스\.m2\repository\com\zaxxer\HikariCP\5.0.1\HikariCP-5.0.1.jar;C:\Users\인포전스\.m2\repository\org\springframework\spring-jdbc\6.1.3\spring-jdbc-6.1.3.jar;C:\Users\인포전스\.m2\repository\org\hibernate\orm\hibernate-core\6.4.1.Final\hibernate-core-6.4.1.Final.jar;C:\Users\인포전스\.m2\repository\jakarta\transaction\jakarta.transaction-api\2.0.1\jakarta.transaction-api-2.0.1.jar;C:\Users\인포전스\.m2\repository\org\jboss\logging\jboss-logging\3.5.3.Final\jboss-logging-3.5.3.Final.jar;C:\Users\인포전스\.m2\repository\org\hibernate\common\hibernate-commons-annotations\6.0.6.Final\hibernate-commons-annotations-6.0.6.Final.jar;C:\Users\인포전스\.m2\repository\io\smallrye\jandex\3.1.2\jandex-3.1.2.jar;C:\Users\인포전스\.m2\repository\com\fasterxml\classmate\1.6.0\classmate-1.6.0.jar;C:\Users\인포전스\.m2\repository\net\bytebuddy\byte-buddy\1.14.11\byte-buddy-1.14.11.jar;C:\Users\인포전스\.m2\repository\org\glassfish\jaxb\jaxb-runtime\4.0.4\jaxb-runtime-4.0.4.jar;C:\Users\인포전스\.m2\repository\org\glassfish\jaxb\jaxb-core\4.0.4\jaxb-core-4.0.4.jar;C:\Users\인포전스\.m2\repository\org\eclipse\angus\angus-activation\2.0.1\angus-activation-2.0.1.jar;C:\Users\인포전스\.m2\repository\org\glassfish\jaxb\txw2\4.0.4\txw2-4.0.4.jar;C:\Users\인포전스\.m2\repository\com\sun\istack\istack-commons-runtime\4.1.2\istack-commons-runtime-4.1.2.jar;C:\Users\인포전스\.m2\repository\jakarta\inject\jakarta.inject-api\2.0.1\jakarta.inject-api-2.0.1.jar;C:\Users\인포전스\.m2\repository\org\antlr\antlr4-runtime\4.13.0\antlr4-runtime-4.13.0.jar;C:\Users\인포전스\.m2\repository\org\springframework\data\spring-data-jpa\3.2.2\spring-data-jpa-3.2.2.jar;C:\Users\인포전스\.m2\repository\org\springframework\data\spring-data-commons\3.2.2\spring-data-commons-3.2.2.jar;C:\Users\인포전스\.m2\repository\org\springframework\spring-orm\6.1.3\spring-orm-6.1.3.jar;C:\Users\인포전스\.m2\repository\org\springframework\spring-context\6.1.3\spring-context-6.1.3.jar;C:\Users\인포전스\.m2\repository\org\springframework\spring-tx\6.1.3\spring-tx-6.1.3.jar;C:\Users\인포전스\.m2\repository\org\springframework\spring-beans\6.1.3\spring-beans-6.1.3.jar;C:\Users\인포전스\.m2\repository\jakarta\annotation\jakarta.annotation-api\2.1.1\jakarta.annotation-api-2.1.1.jar;C:\Users\인포전스\.m2\repository\org\springframework\spring-aspects\6.1.3\spring-aspects-6.1.3.jar;C:\Users\인포전스\.m2\repository\com\mypurecloud\platform-client-v2\198.1.0\platform-client-v2-198.1.0.jar;C:\Users\인포전스\.m2\repository\io\swagger\swagger-annotations\1.6.12\swagger-annotations-1.6.12.jar;C:\Users\인포전스\.m2\repository\javax\xml\bind\jaxb-api\2.3.1\jaxb-api-2.3.1.jar;C:\Users\인포전스\.m2\repository\javax\activation\javax.activation-api\1.2.0\javax.activation-api-1.2.0.jar;C:\Users\인포전스\.m2\repository\org\ini4j\ini4j\0.5.4\ini4j-0.5.4.jar;C:\Users\인포전스\.m2\repository\org\apache\httpcomponents\httpclient\4.5.14\httpclient-4.5.14.jar;C:\Users\인포전스\.m2\repository\org\apache\httpcomponents\httpcore\4.4.16\httpcore-4.4.16.jar;C:\Users\인포전스\.m2\repository\commons-codec\commons-codec\1.16.0\commons-codec-1.16.0.jar;C:\Users\인포전스\.m2\repository\com\squareup\okhttp3\okhttp\4.12.0\okhttp-4.12.0.jar;C:\Users\인포전스\.m2\repository\com\squareup\okio\okio\3.6.0\okio-3.6.0.jar;C:\Users\인포전스\.m2\repository\com\squareup\okio\okio-jvm\3.6.0\okio-jvm-3.6.0.jar;C:\Users\인포전스\.m2\repository\org\jetbrains\kotlin\kotlin-stdlib-common\1.9.22\kotlin-stdlib-common-1.9.22.jar;C:\Users\인포전스\.m2\repository\org\jetbrains\kotlin\kotlin-stdlib-jdk8\1.9.22\kotlin-stdlib-jdk8-1.9.22.jar;C:\Users\인포전스\.m2\repository\org\jetbrains\kotlin\kotlin-stdlib\1.9.22\kotlin-stdlib-1.9.22.jar;C:\Users\인포전스\.m2\repository\org\jetbrains\annotations\13.0\annotations-13.0.jar;C:\Users\인포전스\.m2\repository\org\jetbrains\kotlin\kotlin-stdlib-jdk7\1.9.22\kotlin-stdlib-jdk7-1.9.22.jar;C:\Users\인포전스\.m2\repository\org\asynchttpclient\async-http-client\2.12.3\async-http-client-2.12.3.jar;C:\Users\인포전스\.m2\repository\org\asynchttpclient\async-http-client-netty-utils\2.12.3\async-http-client-netty-utils-2.12.3.jar;C:\Users\인포전스\.m2\repository\io\netty\netty-buffer\4.1.105.Final\netty-buffer-4.1.105.Final.jar;C:\Users\인포전스\.m2\repository\io\netty\netty-codec-http\4.1.105.Final\netty-codec-http-4.1.105.Final.jar;C:\Users\인포전스\.m2\repository\io\netty\netty-common\4.1.105.Final\netty-common-4.1.105.Final.jar;C:\Users\인포전스\.m2\repository\io\netty\netty-transport\4.1.105.Final\netty-transport-4.1.105.Final.jar;C:\Users\인포전스\.m2\repository\io\netty\netty-codec\4.1.105.Final\netty-codec-4.1.105.Final.jar;C:\Users\인포전스\.m2\repository\io\netty\netty-handler\4.1.105.Final\netty-handler-4.1.105.Final.jar;C:\Users\인포전스\.m2\repository\io\netty\netty-resolver\4.1.105.Final\netty-resolver-4.1.105.Final.jar;C:\Users\인포전스\.m2\repository\io\netty\netty-transport-native-unix-common\4.1.105.Final\netty-transport-native-unix-common-4.1.105.Final.jar;C:\Users\인포전스\.m2\repository\io\netty\netty-codec-socks\4.1.105.Final\netty-codec-socks-4.1.105.Final.jar;C:\Users\인포전스\.m2\repository\io\netty\netty-handler-proxy\4.1.105.Final\netty-handler-proxy-4.1.105.Final.jar;C:\Users\인포전스\.m2\repository\io\netty\netty-transport-native-epoll\4.1.105.Final\netty-transport-native-epoll-4.1.105.Final-linux-x86_64.jar;C:\Users\인포전스\.m2\repository\io\netty\netty-transport-classes-epoll\4.1.105.Final\netty-transport-classes-epoll-4.1.105.Final.jar;C:\Users\인포전스\.m2\repository\io\netty\netty-transport-native-kqueue\4.1.105.Final\netty-transport-native-kqueue-4.1.105.Final-osx-x86_64.jar;C:\Users\인포전스\.m2\repository\io\netty\netty-transport-classes-kqueue\4.1.105.Final\netty-transport-classes-kqueue-4.1.105.Final.jar;C:\Users\인포전스\.m2\repository\com\typesafe\netty\netty-reactive-streams\2.0.4\netty-reactive-streams-2.0.4.jar;C:\Users\인포전스\.m2\repository\com\sun\activation\jakarta.activation\1.2.2\jakarta.activation-1.2.2.jar;C:\Users\인포전스\.m2\repository\xerces\xercesImpl\2.12.2\xercesImpl-2.12.2.jar;C:\Users\인포전스\.m2\repository\xml-apis\xml-apis\1.4.01\xml-apis-1.4.01.jar;C:\Users\인포전스\.m2\repository\com\fasterxml\jackson\core\jackson-core\2.15.3\jackson-core-2.15.3.jar;C:\Users\인포전스\.m2\repository\com\fasterxml\jackson\core\jackson-annotations\2.15.3\jackson-annotations-2.15.3.jar;C:\Users\인포전스\.m2\repository\com\fasterxml\jackson\core\jackson-databind\2.15.3\jackson-databind-2.15.3.jar;C:\Users\인포전스\.m2\repository\com\fasterxml\jackson\jaxrs\jackson-jaxrs-json-provider\2.15.3\jackson-jaxrs-json-provider-2.15.3.jar;C:\Users\인포전스\.m2\repository\com\fasterxml\jackson\jaxrs\jackson-jaxrs-base\2.15.3\jackson-jaxrs-base-2.15.3.jar;C:\Users\인포전스\.m2\repository\com\fasterxml\jackson\module\jackson-module-jaxb-annotations\2.15.3\jackson-module-jaxb-annotations-2.15.3.jar;C:\Users\인포전스\.m2\repository\com\fasterxml\jackson\datatype\jackson-datatype-joda\2.15.3\jackson-datatype-joda-2.15.3.jar;C:\Users\인포전스\.m2\repository\joda-time\joda-time\2.12.5\joda-time-2.12.5.jar;C:\Users\인포전스\.m2\repository\com\brsanthu\migbase64\2.2\migbase64-2.2.jar;C:\Users\인포전스\.m2\repository\com\neovisionaries\nv-websocket-client\2.14\nv-websocket-client-2.14.jar;C:\Users\인포전스\.m2\repository\com\google\guava\guava\32.1.3-jre\guava-32.1.3-jre.jar;C:\Users\인포전스\.m2\repository\com\google\guava\failureaccess\1.0.1\failureaccess-1.0.1.jar;C:\Users\인포전스\.m2\repository\com\google\guava\listenablefuture\9999.0-empty-to-avoid-conflict-with-guava\listenablefuture-9999.0-empty-to-avoid-conflict-with-guava.jar;C:\Users\인포전스\.m2\repository\com\google\code\findbugs\jsr305\3.0.2\jsr305-3.0.2.jar;C:\Users\인포전스\.m2\repository\com\google\errorprone\error_prone_annotations\2.21.1\error_prone_annotations-2.21.1.jar;C:\Users\인포전스\.m2\repository\com\google\j2objc\j2objc-annotations\2.8\j2objc-annotations-2.8.jar;C:\Users\인포전스\.m2\repository\ch\qos\logback\logback-classic\1.4.14\logback-classic-1.4.14.jar;C:\Users\인포전스\.m2\repository\ch\qos\logback\logback-core\1.4.14\logback-core-1.4.14.jar;C:\Users\인포전스\.m2\repository\com\oracle\ojdbc\orai18n\19.3.0.0\orai18n-19.3.0.0.jar;C:\Users\인포전스\.m2\repository\org\json\json\20210307\json-20210307.jar;C:\Users\인포전스\.m2\repository\io\projectreactor\reactor-core\3.6.2\reactor-core-3.6.2.jar;C:\Users\인포전스\.m2\repository\org\reactivestreams\reactive-streams\1.0.4\reactive-streams-1.0.4.jar;C:\Users\인포전스\.m2\repository\ch\qos\logback\logback-access\1.4.14\logback-access-1.4.14.jar;C:\Users\인포전스\.m2\repository\org\springframework\boot\spring-boot-starter-web\3.2.2\spring-boot-starter-web-3.2.2.jar;C:\Users\인포전스\.m2\repository\org\springframework\boot\spring-boot-starter\3.2.2\spring-boot-starter-3.2.2.jar;C:\Users\인포전스\.m2\repository\org\springframework\boot\spring-boot\3.2.2\spring-boot-3.2.2.jar;C:\Users\인포전스\.m2\repository\org\springframework\boot\spring-boot-autoconfigure\3.2.2\spring-boot-autoconfigure-3.2.2.jar;C:\Users\인포전스\.m2\repository\org\springframework\boot\spring-boot-starter-logging\3.2.2\spring-boot-starter-logging-3.2.2.jar;C:\Users\인포전스\.m2\repository\org\apache\logging\log4j\log4j-to-slf4j\2.21.1\log4j-to-slf4j-2.21.1.jar;C:\Users\인포전스\.m2\repository\org\apache\logging\log4j\log4j-api\2.21.1\log4j-api-2.21.1.jar;C:\Users\인포전스\.m2\repository\org\slf4j\jul-to-slf4j\2.0.11\jul-to-slf4j-2.0.11.jar;C:\Users\인포전스\.m2\repository\org\yaml\snakeyaml\2.2\snakeyaml-2.2.jar;C:\Users\인포전스\.m2\repository\org\springframework\boot\spring-boot-starter-json\3.2.2\spring-boot-starter-json-3.2.2.jar;C:\Users\인포전스\.m2\repository\com\fasterxml\jackson\datatype\jackson-datatype-jdk8\2.15.3\jackson-datatype-jdk8-2.15.3.jar;C:\Users\인포전스\.m2\repository\com\fasterxml\jackson\datatype\jackson-datatype-jsr310\2.15.3\jackson-datatype-jsr310-2.15.3.jar;C:\Users\인포전스\.m2\repository\com\fasterxml\jackson\module\jackson-module-parameter-names\2.15.3\jackson-module-parameter-names-2.15.3.jar;C:\Users\인포전스\.m2\repository\org\springframework\boot\spring-boot-starter-tomcat\3.2.2\spring-boot-starter-tomcat-3.2.2.jar;C:\Users\인포전스\.m2\repository\org\apache\tomcat\embed\tomcat-embed-core\10.1.18\tomcat-embed-core-10.1.18.jar;C:\Users\인포전스\.m2\repository\org\apache\tomcat\embed\tomcat-embed-el\10.1.18\tomcat-embed-el-10.1.18.jar;C:\Users\인포전스\.m2\repository\org\apache\tomcat\embed\tomcat-embed-websocket\10.1.18\tomcat-embed-websocket-10.1.18.jar;C:\Users\인포전스\.m2\repository\org\springframework\spring-web\6.1.3\spring-web-6.1.3.jar;C:\Users\인포전스\.m2\repository\io\micrometer\micrometer-observation\1.12.2\micrometer-observation-1.12.2.jar;C:\Users\인포전스\.m2\repository\io\micrometer\micrometer-commons\1.12.2\micrometer-commons-1.12.2.jar;C:\Users\인포전스\.m2\repository\org\springframework\spring-webmvc\6.1.3\spring-webmvc-6.1.3.jar;C:\Users\인포전스\.m2\repository\org\springframework\spring-expression\6.1.3\spring-expression-6.1.3.jar;C:\Users\인포전스\.m2\repository\org\projectlombok\lombok\1.18.30\lombok-1.18.30.jar;C:\Users\인포전스\.m2\repository\org\springframework\boot\spring-boot-starter-test\3.2.2\spring-boot-starter-test-3.2.2.jar;C:\Users\인포전스\.m2\repository\org\springframework\boot\spring-boot-test\3.2.2\spring-boot-test-3.2.2.jar;C:\Users\인포전스\.m2\repository\org\springframework\boot\spring-boot-test-autoconfigure\3.2.2\spring-boot-test-autoconfigure-3.2.2.jar;C:\Users\인포전스\.m2\repository\com\jayway\jsonpath\json-path\2.8.0\json-path-2.8.0.jar;C:\Users\인포전스\.m2\repository\jakarta\xml\bind\jakarta.xml.bind-api\4.0.1\jakarta.xml.bind-api-4.0.1.jar;C:\Users\인포전스\.m2\repository\jakarta\activation\jakarta.activation-api\2.1.2\jakarta.activation-api-2.1.2.jar;C:\Users\인포전스\.m2\repository\net\minidev\json-smart\2.5.0\json-smart-2.5.0.jar;C:\Users\인포전스\.m2\repository\net\minidev\accessors-smart\2.5.0\accessors-smart-2.5.0.jar;C:\Users\인포전스\.m2\repository\org\ow2\asm\asm\9.3\asm-9.3.jar;C:\Users\인포전스\.m2\repository\org\assertj\assertj-core\3.24.2\assertj-core-3.24.2.jar;C:\Users\인포전스\.m2\repository\org\awaitility\awaitility\4.2.0\awaitility-4.2.0.jar;C:\Users\인포전스\.m2\repository\org\hamcrest\hamcrest\2.2\hamcrest-2.2.jar;C:\Users\인포전스\.m2\repository\org\junit\jupiter\junit-jupiter\5.10.1\junit-jupiter-5.10.1.jar;C:\Users\인포전스\.m2\repository\org\junit\jupiter\junit-jupiter-api\5.10.1\junit-jupiter-api-5.10.1.jar;C:\Users\인포전스\.m2\repository\org\opentest4j\opentest4j\1.3.0\opentest4j-1.3.0.jar;C:\Users\인포전스\.m2\repository\org\junit\platform\junit-platform-commons\1.10.1\junit-platform-commons-1.10.1.jar;C:\Users\인포전스\.m2\repository\org\apiguardian\apiguardian-api\1.1.2\apiguardian-api-1.1.2.jar;C:\Users\인포전스\.m2\repository\org\junit\jupiter\junit-jupiter-params\5.10.1\junit-jupiter-params-5.10.1.jar;C:\Users\인포전스\.m2\repository\org\junit\jupiter\junit-jupiter-engine\5.10.1\junit-jupiter-engine-5.10.1.jar;C:\Users\인포전스\.m2\repository\org\junit\platform\junit-platform-engine\1.10.1\junit-platform-engine-1.10.1.jar;C:\Users\인포전스\.m2\repository\org\mockito\mockito-core\5.7.0\mockito-core-5.7.0.jar;C:\Users\인포전스\.m2\repository\net\bytebuddy\byte-buddy-agent\1.14.11\byte-buddy-agent-1.14.11.jar;C:\Users\인포전스\.m2\repository\org\objenesis\objenesis\3.3\objenesis-3.3.jar;C:\Users\인포전스\.m2\repository\org\mockito\mockito-junit-jupiter\5.7.0\mockito-junit-jupiter-5.7.0.jar;C:\Users\인포전스\.m2\repository\org\skyscreamer\jsonassert\1.5.1\jsonassert-1.5.1.jar;C:\Users\인포전스\.m2\repository\com\vaadin\external\google\android-json\0.0.20131108.vaadin1\android-json-0.0.20131108.vaadin1.jar;C:\Users\인포전스\.m2\repository\org\springframework\spring-core\6.1.3\spring-core-6.1.3.jar;C:\Users\인포전스\.m2\repository\org\springframework\spring-jcl\6.1.3\spring-jcl-6.1.3.jar;C:\Users\인포전스\.m2\repository\org\springframework\spring-test\6.1.3\spring-test-6.1.3.jar;C:\Users\인포전스\.m2\repository\org\xmlunit\xmlunit-core\2.9.1\xmlunit-core-2.9.1.jar;C:\Users\인포전스\.m2\repository\org\springframework\boot\spring-boot-starter-webflux\3.2.2\spring-boot-starter-webflux-3.2.2.jar;C:\Users\인포전스\.m2\repository\org\springframework\boot\spring-boot-starter-reactor-netty\3.2.2\spring-boot-starter-reactor-netty-3.2.2.jar;C:\Users\인포전스\.m2\repository\io\projectreactor\netty\reactor-netty-http\1.1.15\reactor-netty-http-1.1.15.jar;C:\Users\인포전스\.m2\repository\io\netty\netty-codec-http2\4.1.105.Final\netty-codec-http2-4.1.105.Final.jar;C:\Users\인포전스\.m2\repository\io\netty\netty-resolver-dns\4.1.105.Final\netty-resolver-dns-4.1.105.Final.jar;C:\Users\인포전스\.m2\repository\io\netty\netty-codec-dns\4.1.105.Final\netty-codec-dns-4.1.105.Final.jar;C:\Users\인포전스\.m2\repository\io\netty\netty-resolver-dns-native-macos\4.1.105.Final\netty-resolver-dns-native-macos-4.1.105.Final-osx-x86_64.jar;C:\Users\인포전스\.m2\repository\io\netty\netty-resolver-dns-classes-macos\4.1.105.Final\netty-resolver-dns-classes-macos-4.1.105.Final.jar;C:\Users\인포전스\.m2\repository\io\projectreactor\netty\reactor-netty-core\1.1.15\reactor-netty-core-1.1.15.jar;C:\Users\인포전스\.m2\repository\org\springframework\spring-webflux\6.1.3\spring-webflux-6.1.3.jar;C:\Users\인포전스\.m2\repository\com\oracle\database\jdbc\ojdbc8\21.9.0.0\ojdbc8-21.9.0.0.jar;C:\Users\인포전스\.m2\repository\com\oracle\database\jdbc\ucp\21.9.0.0\ucp-21.9.0.0.jar;C:\Users\인포전스\.m2\repository\com\oracle\database\security\oraclepki\21.9.0.0\oraclepki-21.9.0.0.jar;C:\Users\인포전스\.m2\repository\com\oracle\database\security\osdt_core\21.9.0.0\osdt_core-21.9.0.0.jar;C:\Users\인포전스\.m2\repository\com\oracle\database\security\osdt_cert\21.9.0.0\osdt_cert-21.9.0.0.jar;C:\Users\인포전스\.m2\repository\org\postgresql\postgresql\42.6.0\postgresql-42.6.0.jar;C:\Users\인포전스\.m2\repository\org\checkerframework\checker-qual\3.31.0\checker-qual-3.31.0.jar;C:\Users\인포전스\.m2\repository\jakarta\persistence\jakarta.persistence-api\3.1.0\jakarta.persistence-api-3.1.0.jar;C:\Users\인포전스\.m2\repository\org\slf4j\slf4j-api\2.0.11\slf4j-api-2.0.11.jar;C:\Users\인포전스\.m2\repository\org\springframework\boot\spring-boot-configuration-processor\3.2.2\spring-boot-configuration-processor-3.2.2.jar;"/>
    <property name="java.vm.vendor" value="Oracle Corporation"/>
    <property name="sun.arch.data.model" value="64"/>
    <property name="user.variant" value=""/>
    <property name="java.vendor.url" value="https://java.oracle.com/"/>
    <property name="user.timezone" value="Asia/Seoul"/>
    <property name="org.jboss.logging.provider" value="slf4j"/>
    <property name="os.name" value="Windows 10"/>
    <property name="java.vm.specification.version" value="21"/>
    <property name="sun.java.launcher" value="SUN_STANDARD"/>
    <property name="user.country" value="KR"/>
    <property name="sun.boot.library.path" value="D:\Setting\JavaVersion\openjdk-21.0.1_windows-x64_bin\jdk-21.0.1\bin"/>
    <property name="sun.java.command" value="C:\Users\인포전스\AppData\Local\Temp\surefire682204256190467460\surefirebooter-20240625122323764_3.jar C:\Users\인포전스\AppData\Local\Temp\surefire682204256190467460 2024-06-25T12-23-23_408-jvmRun1 surefire-20240625122323764_1tmp surefire_0-20240625122323764_2tmp"/>
    <property name="jdk.debug" value="release"/>
    <property name="surefire.test.class.path" value="D:\LG_Project\GcAPIGateway\target\test-classes;D:\LG_Project\GcAPIGateway\target\classes;C:\Users\인포전스\.m2\repository\org\springframework\boot\spring-boot-starter-data-jpa\3.2.2\spring-boot-starter-data-jpa-3.2.2.jar;C:\Users\인포전스\.m2\repository\org\springframework\boot\spring-boot-starter-aop\3.2.2\spring-boot-starter-aop-3.2.2.jar;C:\Users\인포전스\.m2\repository\org\springframework\spring-aop\6.1.3\spring-aop-6.1.3.jar;C:\Users\인포전스\.m2\repository\org\aspectj\aspectjweaver\1.9.21\aspectjweaver-1.9.21.jar;C:\Users\인포전스\.m2\repository\org\springframework\boot\spring-boot-starter-jdbc\3.2.2\spring-boot-starter-jdbc-3.2.2.jar;C:\Users\인포전스\.m2\repository\com\zaxxer\HikariCP\5.0.1\HikariCP-5.0.1.jar;C:\Users\인포전스\.m2\repository\org\springframework\spring-jdbc\6.1.3\spring-jdbc-6.1.3.jar;C:\Users\인포전스\.m2\repository\org\hibernate\orm\hibernate-core\6.4.1.Final\hibernate-core-6.4.1.Final.jar;C:\Users\인포전스\.m2\repository\jakarta\transaction\jakarta.transaction-api\2.0.1\jakarta.transaction-api-2.0.1.jar;C:\Users\인포전스\.m2\repository\org\jboss\logging\jboss-logging\3.5.3.Final\jboss-logging-3.5.3.Final.jar;C:\Users\인포전스\.m2\repository\org\hibernate\common\hibernate-commons-annotations\6.0.6.Final\hibernate-commons-annotations-6.0.6.Final.jar;C:\Users\인포전스\.m2\repository\io\smallrye\jandex\3.1.2\jandex-3.1.2.jar;C:\Users\인포전스\.m2\repository\com\fasterxml\classmate\1.6.0\classmate-1.6.0.jar;C:\Users\인포전스\.m2\repository\net\bytebuddy\byte-buddy\1.14.11\byte-buddy-1.14.11.jar;C:\Users\인포전스\.m2\repository\org\glassfish\jaxb\jaxb-runtime\4.0.4\jaxb-runtime-4.0.4.jar;C:\Users\인포전스\.m2\repository\org\glassfish\jaxb\jaxb-core\4.0.4\jaxb-core-4.0.4.jar;C:\Users\인포전스\.m2\repository\org\eclipse\angus\angus-activation\2.0.1\angus-activation-2.0.1.jar;C:\Users\인포전스\.m2\repository\org\glassfish\jaxb\txw2\4.0.4\txw2-4.0.4.jar;C:\Users\인포전스\.m2\repository\com\sun\istack\istack-commons-runtime\4.1.2\istack-commons-runtime-4.1.2.jar;C:\Users\인포전스\.m2\repository\jakarta\inject\jakarta.inject-api\2.0.1\jakarta.inject-api-2.0.1.jar;C:\Users\인포전스\.m2\repository\org\antlr\antlr4-runtime\4.13.0\antlr4-runtime-4.13.0.jar;C:\Users\인포전스\.m2\repository\org\springframework\data\spring-data-jpa\3.2.2\spring-data-jpa-3.2.2.jar;C:\Users\인포전스\.m2\repository\org\springframework\data\spring-data-commons\3.2.2\spring-data-commons-3.2.2.jar;C:\Users\인포전스\.m2\repository\org\springframework\spring-orm\6.1.3\spring-orm-6.1.3.jar;C:\Users\인포전스\.m2\repository\org\springframework\spring-context\6.1.3\spring-context-6.1.3.jar;C:\Users\인포전스\.m2\repository\org\springframework\spring-tx\6.1.3\spring-tx-6.1.3.jar;C:\Users\인포전스\.m2\repository\org\springframework\spring-beans\6.1.3\spring-beans-6.1.3.jar;C:\Users\인포전스\.m2\repository\jakarta\annotation\jakarta.annotation-api\2.1.1\jakarta.annotation-api-2.1.1.jar;C:\Users\인포전스\.m2\repository\org\springframework\spring-aspects\6.1.3\spring-aspects-6.1.3.jar;C:\Users\인포전스\.m2\repository\com\mypurecloud\platform-client-v2\198.1.0\platform-client-v2-198.1.0.jar;C:\Users\인포전스\.m2\repository\io\swagger\swagger-annotations\1.6.12\swagger-annotations-1.6.12.jar;C:\Users\인포전스\.m2\repository\javax\xml\bind\jaxb-api\2.3.1\jaxb-api-2.3.1.jar;C:\Users\인포전스\.m2\repository\javax\activation\javax.activation-api\1.2.0\javax.activation-api-1.2.0.jar;C:\Users\인포전스\.m2\repository\org\ini4j\ini4j\0.5.4\ini4j-0.5.4.jar;C:\Users\인포전스\.m2\repository\org\apache\httpcomponents\httpclient\4.5.14\httpclient-4.5.14.jar;C:\Users\인포전스\.m2\repository\org\apache\httpcomponents\httpcore\4.4.16\httpcore-4.4.16.jar;C:\Users\인포전스\.m2\repository\commons-codec\commons-codec\1.16.0\commons-codec-1.16.0.jar;C:\Users\인포전스\.m2\repository\com\squareup\okhttp3\okhttp\4.12.0\okhttp-4.12.0.jar;C:\Users\인포전스\.m2\repository\com\squareup\okio\okio\3.6.0\okio-3.6.0.jar;C:\Users\인포전스\.m2\repository\com\squareup\okio\okio-jvm\3.6.0\okio-jvm-3.6.0.jar;C:\Users\인포전스\.m2\repository\org\jetbrains\kotlin\kotlin-stdlib-common\1.9.22\kotlin-stdlib-common-1.9.22.jar;C:\Users\인포전스\.m2\repository\org\jetbrains\kotlin\kotlin-stdlib-jdk8\1.9.22\kotlin-stdlib-jdk8-1.9.22.jar;C:\Users\인포전스\.m2\repository\org\jetbrains\kotlin\kotlin-stdlib\1.9.22\kotlin-stdlib-1.9.22.jar;C:\Users\인포전스\.m2\repository\org\jetbrains\annotations\13.0\annotations-13.0.jar;C:\Users\인포전스\.m2\repository\org\jetbrains\kotlin\kotlin-stdlib-jdk7\1.9.22\kotlin-stdlib-jdk7-1.9.22.jar;C:\Users\인포전스\.m2\repository\org\asynchttpclient\async-http-client\2.12.3\async-http-client-2.12.3.jar;C:\Users\인포전스\.m2\repository\org\asynchttpclient\async-http-client-netty-utils\2.12.3\async-http-client-netty-utils-2.12.3.jar;C:\Users\인포전스\.m2\repository\io\netty\netty-buffer\4.1.105.Final\netty-buffer-4.1.105.Final.jar;C:\Users\인포전스\.m2\repository\io\netty\netty-codec-http\4.1.105.Final\netty-codec-http-4.1.105.Final.jar;C:\Users\인포전스\.m2\repository\io\netty\netty-common\4.1.105.Final\netty-common-4.1.105.Final.jar;C:\Users\인포전스\.m2\repository\io\netty\netty-transport\4.1.105.Final\netty-transport-4.1.105.Final.jar;C:\Users\인포전스\.m2\repository\io\netty\netty-codec\4.1.105.Final\netty-codec-4.1.105.Final.jar;C:\Users\인포전스\.m2\repository\io\netty\netty-handler\4.1.105.Final\netty-handler-4.1.105.Final.jar;C:\Users\인포전스\.m2\repository\io\netty\netty-resolver\4.1.105.Final\netty-resolver-4.1.105.Final.jar;C:\Users\인포전스\.m2\repository\io\netty\netty-transport-native-unix-common\4.1.105.Final\netty-transport-native-unix-common-4.1.105.Final.jar;C:\Users\인포전스\.m2\repository\io\netty\netty-codec-socks\4.1.105.Final\netty-codec-socks-4.1.105.Final.jar;C:\Users\인포전스\.m2\repository\io\netty\netty-handler-proxy\4.1.105.Final\netty-handler-proxy-4.1.105.Final.jar;C:\Users\인포전스\.m2\repository\io\netty\netty-transport-native-epoll\4.1.105.Final\netty-transport-native-epoll-4.1.105.Final-linux-x86_64.jar;C:\Users\인포전스\.m2\repository\io\netty\netty-transport-classes-epoll\4.1.105.Final\netty-transport-classes-epoll-4.1.105.Final.jar;C:\Users\인포전스\.m2\repository\io\netty\netty-transport-native-kqueue\4.1.105.Final\netty-transport-native-kqueue-4.1.105.Final-osx-x86_64.jar;C:\Users\인포전스\.m2\repository\io\netty\netty-transport-classes-kqueue\4.1.105.Final\netty-transport-classes-kqueue-4.1.105.Final.jar;C:\Users\인포전스\.m2\repository\com\typesafe\netty\netty-reactive-streams\2.0.4\netty-reactive-streams-2.0.4.jar;C:\Users\인포전스\.m2\repository\com\sun\activation\jakarta.activation\1.2.2\jakarta.activation-1.2.2.jar;C:\Users\인포전스\.m2\repository\xerces\xercesImpl\2.12.2\xercesImpl-2.12.2.jar;C:\Users\인포전스\.m2\repository\xml-apis\xml-apis\1.4.01\xml-apis-1.4.01.jar;C:\Users\인포전스\.m2\repository\com\fasterxml\jackson\core\jackson-core\2.15.3\jackson-core-2.15.3.jar;C:\Users\인포전스\.m2\repository\com\fasterxml\jackson\core\jackson-annotations\2.15.3\jackson-annotations-2.15.3.jar;C:\Users\인포전스\.m2\repository\com\fasterxml\jackson\core\jackson-databind\2.15.3\jackson-databind-2.15.3.jar;C:\Users\인포전스\.m2\repository\com\fasterxml\jackson\jaxrs\jackson-jaxrs-json-provider\2.15.3\jackson-jaxrs-json-provider-2.15.3.jar;C:\Users\인포전스\.m2\repository\com\fasterxml\jackson\jaxrs\jackson-jaxrs-base\2.15.3\jackson-jaxrs-base-2.15.3.jar;C:\Users\인포전스\.m2\repository\com\fasterxml\jackson\module\jackson-module-jaxb-annotations\2.15.3\jackson-module-jaxb-annotations-2.15.3.jar;C:\Users\인포전스\.m2\repository\com\fasterxml\jackson\datatype\jackson-datatype-joda\2.15.3\jackson-datatype-joda-2.15.3.jar;C:\Users\인포전스\.m2\repository\joda-time\joda-time\2.12.5\joda-time-2.12.5.jar;C:\Users\인포전스\.m2\repository\com\brsanthu\migbase64\2.2\migbase64-2.2.jar;C:\Users\인포전스\.m2\repository\com\neovisionaries\nv-websocket-client\2.14\nv-websocket-client-2.14.jar;C:\Users\인포전스\.m2\repository\com\google\guava\guava\32.1.3-jre\guava-32.1.3-jre.jar;C:\Users\인포전스\.m2\repository\com\google\guava\failureaccess\1.0.1\failureaccess-1.0.1.jar;C:\Users\인포전스\.m2\repository\com\google\guava\listenablefuture\9999.0-empty-to-avoid-conflict-with-guava\listenablefuture-9999.0-empty-to-avoid-conflict-with-guava.jar;C:\Users\인포전스\.m2\repository\com\google\code\findbugs\jsr305\3.0.2\jsr305-3.0.2.jar;C:\Users\인포전스\.m2\repository\com\google\errorprone\error_prone_annotations\2.21.1\error_prone_annotations-2.21.1.jar;C:\Users\인포전스\.m2\repository\com\google\j2objc\j2objc-annotations\2.8\j2objc-annotations-2.8.jar;C:\Users\인포전스\.m2\repository\ch\qos\logback\logback-classic\1.4.14\logback-classic-1.4.14.jar;C:\Users\인포전스\.m2\repository\ch\qos\logback\logback-core\1.4.14\logback-core-1.4.14.jar;C:\Users\인포전스\.m2\repository\com\oracle\ojdbc\orai18n\19.3.0.0\orai18n-19.3.0.0.jar;C:\Users\인포전스\.m2\repository\org\json\json\20210307\json-20210307.jar;C:\Users\인포전스\.m2\repository\io\projectreactor\reactor-core\3.6.2\reactor-core-3.6.2.jar;C:\Users\인포전스\.m2\repository\org\reactivestreams\reactive-streams\1.0.4\reactive-streams-1.0.4.jar;C:\Users\인포전스\.m2\repository\ch\qos\logback\logback-access\1.4.14\logback-access-1.4.14.jar;C:\Users\인포전스\.m2\repository\org\springframework\boot\spring-boot-starter-web\3.2.2\spring-boot-starter-web-3.2.2.jar;C:\Users\인포전스\.m2\repository\org\springframework\boot\spring-boot-starter\3.2.2\spring-boot-starter-3.2.2.jar;C:\Users\인포전스\.m2\repository\org\springframework\boot\spring-boot\3.2.2\spring-boot-3.2.2.jar;C:\Users\인포전스\.m2\repository\org\springframework\boot\spring-boot-autoconfigure\3.2.2\spring-boot-autoconfigure-3.2.2.jar;C:\Users\인포전스\.m2\repository\org\springframework\boot\spring-boot-starter-logging\3.2.2\spring-boot-starter-logging-3.2.2.jar;C:\Users\인포전스\.m2\repository\org\apache\logging\log4j\log4j-to-slf4j\2.21.1\log4j-to-slf4j-2.21.1.jar;C:\Users\인포전스\.m2\repository\org\apache\logging\log4j\log4j-api\2.21.1\log4j-api-2.21.1.jar;C:\Users\인포전스\.m2\repository\org\slf4j\jul-to-slf4j\2.0.11\jul-to-slf4j-2.0.11.jar;C:\Users\인포전스\.m2\repository\org\yaml\snakeyaml\2.2\snakeyaml-2.2.jar;C:\Users\인포전스\.m2\repository\org\springframework\boot\spring-boot-starter-json\3.2.2\spring-boot-starter-json-3.2.2.jar;C:\Users\인포전스\.m2\repository\com\fasterxml\jackson\datatype\jackson-datatype-jdk8\2.15.3\jackson-datatype-jdk8-2.15.3.jar;C:\Users\인포전스\.m2\repository\com\fasterxml\jackson\datatype\jackson-datatype-jsr310\2.15.3\jackson-datatype-jsr310-2.15.3.jar;C:\Users\인포전스\.m2\repository\com\fasterxml\jackson\module\jackson-module-parameter-names\2.15.3\jackson-module-parameter-names-2.15.3.jar;C:\Users\인포전스\.m2\repository\org\springframework\boot\spring-boot-starter-tomcat\3.2.2\spring-boot-starter-tomcat-3.2.2.jar;C:\Users\인포전스\.m2\repository\org\apache\tomcat\embed\tomcat-embed-core\10.1.18\tomcat-embed-core-10.1.18.jar;C:\Users\인포전스\.m2\repository\org\apache\tomcat\embed\tomcat-embed-el\10.1.18\tomcat-embed-el-10.1.18.jar;C:\Users\인포전스\.m2\repository\org\apache\tomcat\embed\tomcat-embed-websocket\10.1.18\tomcat-embed-websocket-10.1.18.jar;C:\Users\인포전스\.m2\repository\org\springframework\spring-web\6.1.3\spring-web-6.1.3.jar;C:\Users\인포전스\.m2\repository\io\micrometer\micrometer-observation\1.12.2\micrometer-observation-1.12.2.jar;C:\Users\인포전스\.m2\repository\io\micrometer\micrometer-commons\1.12.2\micrometer-commons-1.12.2.jar;C:\Users\인포전스\.m2\repository\org\springframework\spring-webmvc\6.1.3\spring-webmvc-6.1.3.jar;C:\Users\인포전스\.m2\repository\org\springframework\spring-expression\6.1.3\spring-expression-6.1.3.jar;C:\Users\인포전스\.m2\repository\org\projectlombok\lombok\1.18.30\lombok-1.18.30.jar;C:\Users\인포전스\.m2\repository\org\springframework\boot\spring-boot-starter-test\3.2.2\spring-boot-starter-test-3.2.2.jar;C:\Users\인포전스\.m2\repository\org\springframework\boot\spring-boot-test\3.2.2\spring-boot-test-3.2.2.jar;C:\Users\인포전스\.m2\repository\org\springframework\boot\spring-boot-test-autoconfigure\3.2.2\spring-boot-test-autoconfigure-3.2.2.jar;C:\Users\인포전스\.m2\repository\com\jayway\jsonpath\json-path\2.8.0\json-path-2.8.0.jar;C:\Users\인포전스\.m2\repository\jakarta\xml\bind\jakarta.xml.bind-api\4.0.1\jakarta.xml.bind-api-4.0.1.jar;C:\Users\인포전스\.m2\repository\jakarta\activation\jakarta.activation-api\2.1.2\jakarta.activation-api-2.1.2.jar;C:\Users\인포전스\.m2\repository\net\minidev\json-smart\2.5.0\json-smart-2.5.0.jar;C:\Users\인포전스\.m2\repository\net\minidev\accessors-smart\2.5.0\accessors-smart-2.5.0.jar;C:\Users\인포전스\.m2\repository\org\ow2\asm\asm\9.3\asm-9.3.jar;C:\Users\인포전스\.m2\repository\org\assertj\assertj-core\3.24.2\assertj-core-3.24.2.jar;C:\Users\인포전스\.m2\repository\org\awaitility\awaitility\4.2.0\awaitility-4.2.0.jar;C:\Users\인포전스\.m2\repository\org\hamcrest\hamcrest\2.2\hamcrest-2.2.jar;C:\Users\인포전스\.m2\repository\org\junit\jupiter\junit-jupiter\5.10.1\junit-jupiter-5.10.1.jar;C:\Users\인포전스\.m2\repository\org\junit\jupiter\junit-jupiter-api\5.10.1\junit-jupiter-api-5.10.1.jar;C:\Users\인포전스\.m2\repository\org\opentest4j\opentest4j\1.3.0\opentest4j-1.3.0.jar;C:\Users\인포전스\.m2\repository\org\junit\platform\junit-platform-commons\1.10.1\junit-platform-commons-1.10.1.jar;C:\Users\인포전스\.m2\repository\org\apiguardian\apiguardian-api\1.1.2\apiguardian-api-1.1.2.jar;C:\Users\인포전스\.m2\repository\org\junit\jupiter\junit-jupiter-params\5.10.1\junit-jupiter-params-5.10.1.jar;C:\Users\인포전스\.m2\repository\org\junit\jupiter\junit-jupiter-engine\5.10.1\junit-jupiter-engine-5.10.1.jar;C:\Users\인포전스\.m2\repository\org\junit\platform\junit-platform-engine\1.10.1\junit-platform-engine-1.10.1.jar;C:\Users\인포전스\.m2\repository\org\mockito\mockito-core\5.7.0\mockito-core-5.7.0.jar;C:\Users\인포전스\.m2\repository\net\bytebuddy\byte-buddy-agent\1.14.11\byte-buddy-agent-1.14.11.jar;C:\Users\인포전스\.m2\repository\org\objenesis\objenesis\3.3\objenesis-3.3.jar;C:\Users\인포전스\.m2\repository\org\mockito\mockito-junit-jupiter\5.7.0\mockito-junit-jupiter-5.7.0.jar;C:\Users\인포전스\.m2\repository\org\skyscreamer\jsonassert\1.5.1\jsonassert-1.5.1.jar;C:\Users\인포전스\.m2\repository\com\vaadin\external\google\android-json\0.0.20131108.vaadin1\android-json-0.0.20131108.vaadin1.jar;C:\Users\인포전스\.m2\repository\org\springframework\spring-core\6.1.3\spring-core-6.1.3.jar;C:\Users\인포전스\.m2\repository\org\springframework\spring-jcl\6.1.3\spring-jcl-6.1.3.jar;C:\Users\인포전스\.m2\repository\org\springframework\spring-test\6.1.3\spring-test-6.1.3.jar;C:\Users\인포전스\.m2\repository\org\xmlunit\xmlunit-core\2.9.1\xmlunit-core-2.9.1.jar;C:\Users\인포전스\.m2\repository\org\springframework\boot\spring-boot-starter-webflux\3.2.2\spring-boot-starter-webflux-3.2.2.jar;C:\Users\인포전스\.m2\repository\org\springframework\boot\spring-boot-starter-reactor-netty\3.2.2\spring-boot-starter-reactor-netty-3.2.2.jar;C:\Users\인포전스\.m2\repository\io\projectreactor\netty\reactor-netty-http\1.1.15\reactor-netty-http-1.1.15.jar;C:\Users\인포전스\.m2\repository\io\netty\netty-codec-http2\4.1.105.Final\netty-codec-http2-4.1.105.Final.jar;C:\Users\인포전스\.m2\repository\io\netty\netty-resolver-dns\4.1.105.Final\netty-resolver-dns-4.1.105.Final.jar;C:\Users\인포전스\.m2\repository\io\netty\netty-codec-dns\4.1.105.Final\netty-codec-dns-4.1.105.Final.jar;C:\Users\인포전스\.m2\repository\io\netty\netty-resolver-dns-native-macos\4.1.105.Final\netty-resolver-dns-native-macos-4.1.105.Final-osx-x86_64.jar;C:\Users\인포전스\.m2\repository\io\netty\netty-resolver-dns-classes-macos\4.1.105.Final\netty-resolver-dns-classes-macos-4.1.105.Final.jar;C:\Users\인포전스\.m2\repository\io\projectreactor\netty\reactor-netty-core\1.1.15\reactor-netty-core-1.1.15.jar;C:\Users\인포전스\.m2\repository\org\springframework\spring-webflux\6.1.3\spring-webflux-6.1.3.jar;C:\Users\인포전스\.m2\repository\com\oracle\database\jdbc\ojdbc8\21.9.0.0\ojdbc8-21.9.0.0.jar;C:\Users\인포전스\.m2\repository\com\oracle\database\jdbc\ucp\21.9.0.0\ucp-21.9.0.0.jar;C:\Users\인포전스\.m2\repository\com\oracle\database\security\oraclepki\21.9.0.0\oraclepki-21.9.0.0.jar;C:\Users\인포전스\.m2\repository\com\oracle\database\security\osdt_core\21.9.0.0\osdt_core-21.9.0.0.jar;C:\Users\인포전스\.m2\repository\com\oracle\database\security\osdt_cert\21.9.0.0\osdt_cert-21.9.0.0.jar;C:\Users\인포전스\.m2\repository\org\postgresql\postgresql\42.6.0\postgresql-42.6.0.jar;C:\Users\인포전스\.m2\repository\org\checkerframework\checker-qual\3.31.0\checker-qual-3.31.0.jar;C:\Users\인포전스\.m2\repository\jakarta\persistence\jakarta.persistence-api\3.1.0\jakarta.persistence-api-3.1.0.jar;C:\Users\인포전스\.m2\repository\org\slf4j\slf4j-api\2.0.11\slf4j-api-2.0.11.jar;C:\Users\인포전스\.m2\repository\org\springframework\boot\spring-boot-configuration-processor\3.2.2\spring-boot-configuration-processor-3.2.2.jar;"/>
    <property name="sun.cpu.endian" value="little"/>
    <property name="user.home" value="C:\Users\인포전스"/>
    <property name="user.language" value="ko"/>
    <property name="java.specification.vendor" value="Oracle Corporation"/>
    <property name="java.version.date" value="2023-10-17"/>
    <property name="java.home" value="D:\Setting\JavaVersion\openjdk-21.0.1_windows-x64_bin\jdk-21.0.1"/>
    <property name="file.separator" value="\"/>
    <property name="basedir" value="D:\LG_Project\GcAPIGateway"/>
    <property name="java.vm.compressedOopsMode" value="Zero based"/>
    <property name="line.separator" value="&#10;"/>
    <property name="java.vm.specification.vendor" value="Oracle Corporation"/>
    <property name="java.specification.name" value="Java Platform API Specification"/>
    <property name="FILE_LOG_CHARSET" value="UTF-8"/>
    <property name="java.awt.headless" value="true"/>
    <property name="surefire.real.class.path" value="C:\Users\인포전스\AppData\Local\Temp\surefire682204256190467460\surefirebooter-20240625122323764_3.jar"/>
    <property name="user.script" value=""/>
    <property name="sun.management.compiler" value="HotSpot 64-Bit Tiered Compilers"/>
    <property name="java.runtime.version" value="21.0.1+12-29"/>
    <property name="user.name" value="인포전스"/>
    <property name="stdout.encoding" value="MS949"/>
    <property name="path.separator" value=";"/>
    <property name="os.version" value="10.0"/>
    <property name="java.runtime.name" value="OpenJDK Runtime Environment"/>
    <property name="file.encoding" value="UTF-8"/>
    <property name="java.vm.name" value="OpenJDK 64-Bit Server VM"/>
    <property name="localRepository" value="C:\Users\인포전스\.m2\repository"/>
    <property name="java.vendor.url.bug" value="https://bugreport.java.com/bugreport/"/>
    <property name="java.io.tmpdir" value="C:\Users\인포전스\AppData\Local\Temp\"/>
    <property name="java.version" value="21.0.1"/>
    <property name="user.dir" value="D:\LG_Project\GcAPIGateway"/>
    <property name="os.arch" value="amd64"/>
    <property name="java.vm.specification.name" value="Java Virtual Machine Specification"/>
    <property name="PID" value="20768"/>
    <property name="sun.os.patch.level" value=""/>
    <property name="CONSOLE_LOG_CHARSET" value="UTF-8"/>
    <property name="native.encoding" value="MS949"/>
    <property name="java.library.path" value="D:\Setting\JavaVersion\openjdk-21.0.1_windows-x64_bin\jdk-21.0.1\bin;C:\WINDOWS\Sun\Java\bin;C:\WINDOWS\system32;C:\WINDOWS;D:\Setting\Database\Oracle\V982656-01\bin;D:\Setting\Database\oracle\oracledb\bin;D:\Setting\JavaVersion\openjdk-21.0.1_windows-x64_bin\jdk-21.0.1\\bin;C:\WINDOWS\system32;C:\WINDOWS;C:\WINDOWS\System32\Wbem;C:\WINDOWS\System32\WindowsPowerShell\v1.0\;C:\Users\인포전스\Desktop\새 폴더\Composer_tomcatbin;C:\WINDOWS\System32\OpenSSH\;C:\Program Files\nodejs\;C:\Users\인포전스\AppData\Roaming\npm\;C:\Program Files\Git\cmd;C:\Program Files\MongoDB\Server\5.0\bin;C:\flutter\flutter\bin;D:\kafka_2.13-3.6.1\bin\bin;D:\Setting\Maven\apache-maven-3.9.6\bin;C:\Users\인포전스\AppData\Local\Microsoft\WindowsApps;C:\Users\인포전스\AppData\Local\Bandizip\7z;C:\Program Files\JetBrains\IntelliJ IDEA Community Edition 2022.3.1\bin;C:\Users\인포전스\AppData\Roaming\npm;C:\Users\인포전스\AppData\Local\Programs\Microsoft VS Code\bin;C:\Users\인포전스\AppData\Local\atom\bin;C:\flutter\bin;D:\Setting\JavaVersion\openjdk-21.0.1_windows-x64_bin\jdk-21.0.1\;D:\kafka_2.13-3.6.1\bin;;."/>
    <property name="java.vm.info" value="mixed mode, sharing"/>
    <property name="stderr.encoding" value="MS949"/>
    <property name="java.vendor" value="Oracle Corporation"/>
    <property name="java.vm.version" value="21.0.1+12-29"/>
    <property name="sun.io.unicode.encoding" value="UnicodeLittle"/>
    <property name="java.class.version" value="65.0"/>
  </properties>
  <testcase name="contextLoads" classname="gc.apiClient.GcClientApplicationTests" time="1.932">
    <system-out><![CDATA[12:23:27,130 |-INFO in ch.qos.logback.classic.LoggerContext[default] - This is logback-classic version 1.4.14
12:23:27,135 |-INFO in ch.qos.logback.classic.util.ContextInitializer@4ce1d6d0 - Here is a list of configurators discovered as a service, by rank: 
12:23:27,135 |-INFO in ch.qos.logback.classic.util.ContextInitializer@4ce1d6d0 -   org.springframework.boot.logging.logback.RootLogLevelConfigurator
12:23:27,135 |-INFO in ch.qos.logback.classic.util.ContextInitializer@4ce1d6d0 - They will be invoked in order until ExecutionStatus.DO_NOT_INVOKE_NEXT_IF_ANY is returned.
12:23:27,135 |-INFO in ch.qos.logback.classic.util.ContextInitializer@4ce1d6d0 - Constructed configurator of type class org.springframework.boot.logging.logback.RootLogLevelConfigurator
12:23:27,149 |-INFO in ch.qos.logback.classic.util.ContextInitializer@4ce1d6d0 - org.springframework.boot.logging.logback.RootLogLevelConfigurator.configure() call lasted 1 milliseconds. ExecutionStatus=INVOKE_NEXT_IF_ANY
12:23:27,149 |-INFO in ch.qos.logback.classic.util.ContextInitializer@4ce1d6d0 - Trying to configure with ch.qos.logback.classic.joran.SerializedModelConfigurator
12:23:27,150 |-INFO in ch.qos.logback.classic.util.ContextInitializer@4ce1d6d0 - Constructed configurator of type class ch.qos.logback.classic.joran.SerializedModelConfigurator
12:23:27,154 |-INFO in ch.qos.logback.classic.LoggerContext[default] - Could NOT find resource [logback-test.scmo]
12:23:27,154 |-INFO in ch.qos.logback.classic.LoggerContext[default] - Could NOT find resource [logback.scmo]
12:23:27,154 |-INFO in ch.qos.logback.classic.util.ContextInitializer@4ce1d6d0 - ch.qos.logback.classic.joran.SerializedModelConfigurator.configure() call lasted 4 milliseconds. ExecutionStatus=INVOKE_NEXT_IF_ANY
12:23:27,154 |-INFO in ch.qos.logback.classic.util.ContextInitializer@4ce1d6d0 - Trying to configure with ch.qos.logback.classic.util.DefaultJoranConfigurator
12:23:27,155 |-INFO in ch.qos.logback.classic.util.ContextInitializer@4ce1d6d0 - Constructed configurator of type class ch.qos.logback.classic.util.DefaultJoranConfigurator
12:23:27,156 |-INFO in ch.qos.logback.classic.LoggerContext[default] - Could NOT find resource [logback-test.xml]
12:23:27,162 |-INFO in ch.qos.logback.classic.LoggerContext[default] - Found resource [logback.xml] at [file:/D:/LG_Project/GcAPIGateway/target/classes/logback.xml]
12:23:27,469 |-WARN in ch.qos.logback.core.model.processor.ImplicitModelHandler - Ignoring unknown property [springProperty] in [ch.qos.logback.classic.LoggerContext]
12:23:27,478 |-INFO in ch.qos.logback.core.model.processor.AppenderModelHandler - Processing appender named [CONSOLE]
12:23:27,478 |-INFO in ch.qos.logback.core.model.processor.AppenderModelHandler - About to instantiate appender of type [ch.qos.logback.core.ConsoleAppender]
12:23:27,547 |-INFO in ch.qos.logback.core.model.processor.AppenderModelHandler - Processing appender named [FILE]
12:23:27,547 |-INFO in ch.qos.logback.core.model.processor.AppenderModelHandler - About to instantiate appender of type [ch.qos.logback.core.rolling.RollingFileAppender]
12:23:27,584 |-INFO in c.q.l.core.rolling.TimeBasedRollingPolicy@605101809 - No compression will be used
12:23:27,586 |-INFO in c.q.l.core.rolling.TimeBasedRollingPolicy@605101809 - Will use the pattern ./logs/log_back/apiclient.%d{yyyy-MM-dd}_%i.log for the active file
12:23:27,593 |-INFO in ch.qos.logback.core.rolling.SizeAndTimeBasedFNATP@1f3f02ee - The date pattern is 'yyyy-MM-dd' from file name pattern './logs/log_back/apiclient.%d{yyyy-MM-dd}_%i.log'.
12:23:27,593 |-INFO in ch.qos.logback.core.rolling.SizeAndTimeBasedFNATP@1f3f02ee - Roll-over at midnight.
12:23:27,595 |-INFO in ch.qos.logback.core.rolling.SizeAndTimeBasedFNATP@1f3f02ee - Setting initial period to 2024-06-25T03:17:36.756Z
12:23:27,595 |-WARN in ch.qos.logback.core.rolling.SizeAndTimeBasedFNATP@1f3f02ee - SizeAndTimeBasedFNATP is deprecated. Use SizeAndTimeBasedRollingPolicy instead
12:23:27,595 |-WARN in ch.qos.logback.core.rolling.SizeAndTimeBasedFNATP@1f3f02ee - For more information see http://logback.qos.ch/manual/appenders.html#SizeAndTimeBasedRollingPolicy
12:23:27,605 |-INFO in ch.qos.logback.core.rolling.RollingFileAppender[FILE] - Active log file name: ./logs/apiclient.log
12:23:27,605 |-INFO in ch.qos.logback.core.rolling.RollingFileAppender[FILE] - File property is set to [./logs/apiclient.log]
12:23:27,608 |-INFO in ch.qos.logback.core.model.processor.AppenderModelHandler - Processing appender named [CATALINA]
12:23:27,608 |-INFO in ch.qos.logback.core.model.processor.AppenderModelHandler - About to instantiate appender of type [ch.qos.logback.core.rolling.RollingFileAppender]
12:23:27,610 |-INFO in c.q.l.core.rolling.TimeBasedRollingPolicy@534666530 - No compression will be used
12:23:27,610 |-INFO in c.q.l.core.rolling.TimeBasedRollingPolicy@534666530 - Will use the pattern ./logs/tomcat/catalina.%d{yyyy-MM-dd}_%i.log for the active file
12:23:27,611 |-INFO in ch.qos.logback.core.rolling.SizeAndTimeBasedFNATP@5dcb4f5f - The date pattern is 'yyyy-MM-dd' from file name pattern './logs/tomcat/catalina.%d{yyyy-MM-dd}_%i.log'.
12:23:27,611 |-INFO in ch.qos.logback.core.rolling.SizeAndTimeBasedFNATP@5dcb4f5f - Roll-over at midnight.
12:23:27,613 |-INFO in ch.qos.logback.core.rolling.SizeAndTimeBasedFNATP@5dcb4f5f - Setting initial period to 2024-06-25T03:17:29.674Z
12:23:27,613 |-WARN in ch.qos.logback.core.rolling.SizeAndTimeBasedFNATP@5dcb4f5f - SizeAndTimeBasedFNATP is deprecated. Use SizeAndTimeBasedRollingPolicy instead
12:23:27,613 |-WARN in ch.qos.logback.core.rolling.SizeAndTimeBasedFNATP@5dcb4f5f - For more information see http://logback.qos.ch/manual/appenders.html#SizeAndTimeBasedRollingPolicy
12:23:27,614 |-INFO in ch.qos.logback.core.rolling.RollingFileAppender[CATALINA] - Active log file name: ./logs/tomcat/catalina.log
12:23:27,614 |-INFO in ch.qos.logback.core.rolling.RollingFileAppender[CATALINA] - File property is set to [./logs/tomcat/catalina.log]
12:23:27,614 |-INFO in ch.qos.logback.core.model.processor.AppenderModelHandler - Processing appender named [Error]
12:23:27,614 |-INFO in ch.qos.logback.core.model.processor.AppenderModelHandler - About to instantiate appender of type [ch.qos.logback.core.rolling.RollingFileAppender]
12:23:27,619 |-INFO in c.q.l.core.rolling.TimeBasedRollingPolicy@1904288897 - No compression will be used
12:23:27,620 |-INFO in c.q.l.core.rolling.TimeBasedRollingPolicy@1904288897 - Will use the pattern ./logs/log_back/apiclient_err.%d{yyyy-MM-dd}_%i.log for the active file
12:23:27,620 |-INFO in ch.qos.logback.core.rolling.SizeAndTimeBasedFNATP@16ce702d - The date pattern is 'yyyy-MM-dd' from file name pattern './logs/log_back/apiclient_err.%d{yyyy-MM-dd}_%i.log'.
12:23:27,620 |-INFO in ch.qos.logback.core.rolling.SizeAndTimeBasedFNATP@16ce702d - Roll-over at midnight.
12:23:27,622 |-INFO in ch.qos.logback.core.rolling.SizeAndTimeBasedFNATP@16ce702d - Setting initial period to 2024-06-25T03:14:28.397Z
12:23:27,622 |-WARN in ch.qos.logback.core.rolling.SizeAndTimeBasedFNATP@16ce702d - SizeAndTimeBasedFNATP is deprecated. Use SizeAndTimeBasedRollingPolicy instead
12:23:27,622 |-WARN in ch.qos.logback.core.rolling.SizeAndTimeBasedFNATP@16ce702d - For more information see http://logback.qos.ch/manual/appenders.html#SizeAndTimeBasedRollingPolicy
12:23:27,622 |-INFO in ch.qos.logback.core.rolling.RollingFileAppender[Error] - Active log file name: ./logs/error/apiclient_err.log
12:23:27,622 |-INFO in ch.qos.logback.core.rolling.RollingFileAppender[Error] - File property is set to [./logs/error/apiclient_err.log]
12:23:27,626 |-INFO in ch.qos.logback.classic.model.processor.RootLoggerModelHandler - Setting level of ROOT logger to DEBUG
12:23:27,627 |-INFO in ch.qos.logback.core.model.processor.AppenderRefModelHandler - Attaching appender named [CONSOLE] to Logger[ROOT]
12:23:27,628 |-INFO in ch.qos.logback.core.model.processor.AppenderRefModelHandler - Attaching appender named [FILE] to Logger[ROOT]
12:23:27,628 |-INFO in ch.qos.logback.core.model.processor.AppenderRefModelHandler - Attaching appender named [Error] to Logger[ROOT]
12:23:27,629 |-INFO in ch.qos.logback.classic.model.processor.LoggerModelHandler - Setting level of logger [org.apache.ibatis] to DEBUG
12:23:27,636 |-INFO in ch.qos.logback.classic.model.processor.LoggerModelHandler - Setting additivity of logger [org.apache.ibatis] to false
12:23:27,636 |-INFO in ch.qos.logback.core.model.processor.AppenderRefModelHandler - Attaching appender named [CONSOLE] to Logger[org.apache.ibatis]
12:23:27,636 |-INFO in ch.qos.logback.core.model.processor.AppenderRefModelHandler - Attaching appender named [FILE] to Logger[org.apache.ibatis]
12:23:27,636 |-INFO in ch.qos.logback.core.model.processor.AppenderRefModelHandler - Attaching appender named [Error] to Logger[org.apache.ibatis]
12:23:27,636 |-INFO in ch.qos.logback.classic.model.processor.LoggerModelHandler - Setting level of logger [org.apache.catalina] to DEBUG
12:23:27,637 |-INFO in ch.qos.logback.classic.model.processor.LoggerModelHandler - Setting additivity of logger [org.apache.catalina] to false
12:23:27,637 |-INFO in ch.qos.logback.core.model.processor.AppenderRefModelHandler - Attaching appender named [CATALINA] to Logger[org.apache.catalina]
12:23:27,637 |-INFO in ch.qos.logback.classic.model.processor.LoggerModelHandler - Setting level of logger [io.netty.handler.timeout] to OFF
12:23:27,637 |-INFO in ch.qos.logback.classic.model.processor.LoggerModelHandler - Setting level of logger [org.apache.kafka] to WARN
12:23:27,637 |-INFO in ch.qos.logback.classic.model.processor.LoggerModelHandler - Setting level of logger [org.hibernate] to ERROR
12:23:27,637 |-INFO in ch.qos.logback.classic.model.processor.LoggerModelHandler - Setting level of logger [jdbc] to OFF
12:23:27,637 |-INFO in ch.qos.logback.classic.model.processor.LoggerModelHandler - Setting level of logger [jdbc.connection] to OFF
12:23:27,637 |-INFO in ch.qos.logback.classic.model.processor.LoggerModelHandler - Setting level of logger [jdbc.sqlonly] to OFF
12:23:27,637 |-INFO in ch.qos.logback.classic.model.processor.LoggerModelHandler - Setting level of logger [jdbc.sqltiming] to DEBUG
12:23:27,637 |-INFO in ch.qos.logback.classic.model.processor.LoggerModelHandler - Setting level of logger [jdbc.audit] to OFF
12:23:27,637 |-INFO in ch.qos.logback.classic.model.processor.LoggerModelHandler - Setting level of logger [jdbc.resultset] to OFF
12:23:27,638 |-INFO in ch.qos.logback.classic.model.processor.LoggerModelHandler - Setting level of logger [jdbc.resultsettable] to OFF
12:23:27,638 |-INFO in ch.qos.logback.core.model.processor.DefaultProcessor@7b94089b - End of configuration.
12:23:27,640 |-INFO in ch.qos.logback.classic.joran.JoranConfigurator@7ca20101 - Registering current configuration as safe fallback point
12:23:27,640 |-INFO in ch.qos.logback.classic.util.ContextInitializer@4ce1d6d0 - ch.qos.logback.classic.util.DefaultJoranConfigurator.configure() call lasted 485 milliseconds. ExecutionStatus=DO_NOT_INVOKE_NEXT_IF_ANY

INFO  24-06-25 12:23:27[main] [AnnotationConfigContextLoaderUtils:83] - Could not detect default configuration classes for test class [gc.apiClient.GcClientApplicationTests]: GcClientApplicationTests does not declare any static, non-private, non-final, nested classes annotated with @Configuration.
INFO  24-06-25 12:23:28[main] [SpringBootTestContextBootstrapper:234] - Found @SpringBootConfiguration gc.apiClient.GcClientApplication for test class gc.apiClient.GcClientApplicationTests
12:23:28,862 |-INFO in ch.qos.logback.core.model.processor.AppenderModelHandler - Processing appender named [CONSOLE]
12:23:28,862 |-INFO in ch.qos.logback.core.model.processor.AppenderModelHandler - About to instantiate appender of type [ch.qos.logback.core.ConsoleAppender]
12:23:28,863 |-INFO in ch.qos.logback.core.model.processor.AppenderModelHandler - Processing appender named [FILE]
12:23:28,863 |-INFO in ch.qos.logback.core.model.processor.AppenderModelHandler - About to instantiate appender of type [ch.qos.logback.core.rolling.RollingFileAppender]
12:23:28,865 |-INFO in c.q.l.core.rolling.TimeBasedRollingPolicy@602830277 - No compression will be used
12:23:28,865 |-INFO in c.q.l.core.rolling.TimeBasedRollingPolicy@602830277 - Will use the pattern ./logs/log_back/apiclient.%d{yyyy-MM-dd}_%i.log for the active file
12:23:28,866 |-INFO in ch.qos.logback.core.rolling.SizeAndTimeBasedFNATP@11a7ba62 - The date pattern is 'yyyy-MM-dd' from file name pattern './logs/log_back/apiclient.%d{yyyy-MM-dd}_%i.log'.
12:23:28,866 |-INFO in ch.qos.logback.core.rolling.SizeAndTimeBasedFNATP@11a7ba62 - Roll-over at midnight.
12:23:28,868 |-INFO in ch.qos.logback.core.rolling.SizeAndTimeBasedFNATP@11a7ba62 - Setting initial period to 2024-06-25T03:23:28.140Z
12:23:28,868 |-WARN in ch.qos.logback.core.rolling.SizeAndTimeBasedFNATP@11a7ba62 - SizeAndTimeBasedFNATP is deprecated. Use SizeAndTimeBasedRollingPolicy instead
12:23:28,868 |-WARN in ch.qos.logback.core.rolling.SizeAndTimeBasedFNATP@11a7ba62 - For more information see http://logback.qos.ch/manual/appenders.html#SizeAndTimeBasedRollingPolicy
12:23:28,869 |-INFO in ch.qos.logback.core.rolling.RollingFileAppender[FILE] - Active log file name: ./logs/apiclient.log
12:23:28,869 |-INFO in ch.qos.logback.core.rolling.RollingFileAppender[FILE] - File property is set to [./logs/apiclient.log]
12:23:28,869 |-INFO in ch.qos.logback.core.model.processor.AppenderModelHandler - Processing appender named [CATALINA]
12:23:28,869 |-INFO in ch.qos.logback.core.model.processor.AppenderModelHandler - About to instantiate appender of type [ch.qos.logback.core.rolling.RollingFileAppender]
12:23:28,871 |-INFO in c.q.l.core.rolling.TimeBasedRollingPolicy@873168630 - No compression will be used
12:23:28,872 |-INFO in c.q.l.core.rolling.TimeBasedRollingPolicy@873168630 - Will use the pattern ./logs/tomcat/catalina.%d{yyyy-MM-dd}_%i.log for the active file
12:23:28,872 |-INFO in ch.qos.logback.core.rolling.SizeAndTimeBasedFNATP@30404dba - The date pattern is 'yyyy-MM-dd' from file name pattern './logs/tomcat/catalina.%d{yyyy-MM-dd}_%i.log'.
12:23:28,872 |-INFO in ch.qos.logback.core.rolling.SizeAndTimeBasedFNATP@30404dba - Roll-over at midnight.
12:23:28,874 |-INFO in ch.qos.logback.core.rolling.SizeAndTimeBasedFNATP@30404dba - Setting initial period to 2024-06-25T03:17:29.674Z
12:23:28,874 |-WARN in ch.qos.logback.core.rolling.SizeAndTimeBasedFNATP@30404dba - SizeAndTimeBasedFNATP is deprecated. Use SizeAndTimeBasedRollingPolicy instead
12:23:28,874 |-WARN in ch.qos.logback.core.rolling.SizeAndTimeBasedFNATP@30404dba - For more information see http://logback.qos.ch/manual/appenders.html#SizeAndTimeBasedRollingPolicy
12:23:28,874 |-INFO in ch.qos.logback.core.rolling.RollingFileAppender[CATALINA] - Active log file name: ./logs/tomcat/catalina.log
12:23:28,874 |-INFO in ch.qos.logback.core.rolling.RollingFileAppender[CATALINA] - File property is set to [./logs/tomcat/catalina.log]
12:23:28,875 |-INFO in ch.qos.logback.core.model.processor.AppenderModelHandler - Processing appender named [Error]
12:23:28,875 |-INFO in ch.qos.logback.core.model.processor.AppenderModelHandler - About to instantiate appender of type [ch.qos.logback.core.rolling.RollingFileAppender]
12:23:28,879 |-INFO in c.q.l.core.rolling.TimeBasedRollingPolicy@1615873578 - No compression will be used
12:23:28,879 |-INFO in c.q.l.core.rolling.TimeBasedRollingPolicy@1615873578 - Will use the pattern ./logs/log_back/apiclient_err.%d{yyyy-MM-dd}_%i.log for the active file
12:23:28,879 |-INFO in ch.qos.logback.core.rolling.SizeAndTimeBasedFNATP@4c0884e8 - The date pattern is 'yyyy-MM-dd' from file name pattern './logs/log_back/apiclient_err.%d{yyyy-MM-dd}_%i.log'.
12:23:28,879 |-INFO in ch.qos.logback.core.rolling.SizeAndTimeBasedFNATP@4c0884e8 - Roll-over at midnight.
12:23:28,881 |-INFO in ch.qos.logback.core.rolling.SizeAndTimeBasedFNATP@4c0884e8 - Setting initial period to 2024-06-25T03:14:28.397Z
12:23:28,881 |-WARN in ch.qos.logback.core.rolling.SizeAndTimeBasedFNATP@4c0884e8 - SizeAndTimeBasedFNATP is deprecated. Use SizeAndTimeBasedRollingPolicy instead
12:23:28,881 |-WARN in ch.qos.logback.core.rolling.SizeAndTimeBasedFNATP@4c0884e8 - For more information see http://logback.qos.ch/manual/appenders.html#SizeAndTimeBasedRollingPolicy
12:23:28,882 |-INFO in ch.qos.logback.core.rolling.RollingFileAppender[Error] - Active log file name: ./logs/error/apiclient_err.log
12:23:28,882 |-INFO in ch.qos.logback.core.rolling.RollingFileAppender[Error] - File property is set to [./logs/error/apiclient_err.log]
12:23:28,882 |-INFO in ch.qos.logback.classic.model.processor.RootLoggerModelHandler - Setting level of ROOT logger to DEBUG
12:23:28,883 |-INFO in ch.qos.logback.core.model.processor.AppenderRefModelHandler - Attaching appender named [CONSOLE] to Logger[ROOT]
12:23:28,883 |-INFO in ch.qos.logback.core.model.processor.AppenderRefModelHandler - Attaching appender named [FILE] to Logger[ROOT]
12:23:28,883 |-INFO in ch.qos.logback.core.model.processor.AppenderRefModelHandler - Attaching appender named [Error] to Logger[ROOT]
12:23:28,883 |-INFO in ch.qos.logback.classic.model.processor.LoggerModelHandler - Setting level of logger [org.apache.ibatis] to DEBUG
12:23:28,883 |-INFO in ch.qos.logback.classic.jul.LevelChangePropagator@231baf51 - Propagating DEBUG level on Logger[org.apache.ibatis] onto the JUL framework
12:23:28,884 |-INFO in ch.qos.logback.classic.model.processor.LoggerModelHandler - Setting additivity of logger [org.apache.ibatis] to false
12:23:28,884 |-INFO in ch.qos.logback.core.model.processor.AppenderRefModelHandler - Attaching appender named [CONSOLE] to Logger[org.apache.ibatis]
12:23:28,884 |-INFO in ch.qos.logback.core.model.processor.AppenderRefModelHandler - Attaching appender named [FILE] to Logger[org.apache.ibatis]
12:23:28,884 |-INFO in ch.qos.logback.core.model.processor.AppenderRefModelHandler - Attaching appender named [Error] to Logger[org.apache.ibatis]
12:23:28,884 |-INFO in ch.qos.logback.classic.model.processor.LoggerModelHandler - Setting level of logger [org.apache.catalina] to DEBUG
12:23:28,884 |-INFO in ch.qos.logback.classic.jul.LevelChangePropagator@231baf51 - Propagating DEBUG level on Logger[org.apache.catalina] onto the JUL framework
12:23:28,884 |-INFO in ch.qos.logback.classic.model.processor.LoggerModelHandler - Setting additivity of logger [org.apache.catalina] to false
12:23:28,884 |-INFO in ch.qos.logback.core.model.processor.AppenderRefModelHandler - Attaching appender named [CATALINA] to Logger[org.apache.catalina]
12:23:28,884 |-INFO in ch.qos.logback.classic.model.processor.LoggerModelHandler - Setting level of logger [io.netty.handler.timeout] to OFF
12:23:28,884 |-INFO in ch.qos.logback.classic.jul.LevelChangePropagator@231baf51 - Propagating OFF level on Logger[io.netty.handler.timeout] onto the JUL framework
12:23:28,884 |-INFO in ch.qos.logback.classic.model.processor.LoggerModelHandler - Setting level of logger [org.apache.kafka] to WARN
12:23:28,884 |-INFO in ch.qos.logback.classic.jul.LevelChangePropagator@231baf51 - Propagating WARN level on Logger[org.apache.kafka] onto the JUL framework
12:23:28,885 |-INFO in ch.qos.logback.classic.model.processor.LoggerModelHandler - Setting level of logger [org.hibernate] to ERROR
12:23:28,885 |-INFO in ch.qos.logback.classic.jul.LevelChangePropagator@231baf51 - Propagating ERROR level on Logger[org.hibernate] onto the JUL framework
12:23:28,885 |-INFO in ch.qos.logback.classic.model.processor.LoggerModelHandler - Setting level of logger [jdbc] to OFF
12:23:28,885 |-INFO in ch.qos.logback.classic.jul.LevelChangePropagator@231baf51 - Propagating OFF level on Logger[jdbc] onto the JUL framework
12:23:28,885 |-INFO in ch.qos.logback.classic.model.processor.LoggerModelHandler - Setting level of logger [jdbc.connection] to OFF
12:23:28,885 |-INFO in ch.qos.logback.classic.jul.LevelChangePropagator@231baf51 - Propagating OFF level on Logger[jdbc.connection] onto the JUL framework
12:23:28,885 |-INFO in ch.qos.logback.classic.model.processor.LoggerModelHandler - Setting level of logger [jdbc.sqlonly] to OFF
12:23:28,885 |-INFO in ch.qos.logback.classic.jul.LevelChangePropagator@231baf51 - Propagating OFF level on Logger[jdbc.sqlonly] onto the JUL framework
12:23:28,885 |-INFO in ch.qos.logback.classic.model.processor.LoggerModelHandler - Setting level of logger [jdbc.sqltiming] to DEBUG
12:23:28,885 |-INFO in ch.qos.logback.classic.jul.LevelChangePropagator@231baf51 - Propagating DEBUG level on Logger[jdbc.sqltiming] onto the JUL framework
12:23:28,885 |-INFO in ch.qos.logback.classic.model.processor.LoggerModelHandler - Setting level of logger [jdbc.audit] to OFF
12:23:28,885 |-INFO in ch.qos.logback.classic.jul.LevelChangePropagator@231baf51 - Propagating OFF level on Logger[jdbc.audit] onto the JUL framework
12:23:28,885 |-INFO in ch.qos.logback.classic.model.processor.LoggerModelHandler - Setting level of logger [jdbc.resultset] to OFF
12:23:28,885 |-INFO in ch.qos.logback.classic.jul.LevelChangePropagator@231baf51 - Propagating OFF level on Logger[jdbc.resultset] onto the JUL framework
12:23:28,886 |-INFO in ch.qos.logback.classic.model.processor.LoggerModelHandler - Setting level of logger [jdbc.resultsettable] to OFF
12:23:28,886 |-INFO in ch.qos.logback.classic.jul.LevelChangePropagator@231baf51 - Propagating OFF level on Logger[jdbc.resultsettable] onto the JUL framework
12:23:28,886 |-INFO in ch.qos.logback.core.model.processor.DefaultProcessor@11841b15 - End of configuration.
12:23:28,886 |-INFO in org.springframework.boot.logging.logback.SpringBootJoranConfigurator@73877e19 - Registering current configuration as safe fallback point


  .   ____          _            __ _ _
 /\\ / ___'_ __ _ _(_)_ __  __ _ \ \ \ \
( ( )\___ | '_ | '_| | '_ \/ _` | \ \ \ \
 \\/  ___)| |_)| | | | | || (_| |  ) ) ) )
  '  |____| .__|_| |_|_| |_\__, | / / / /
 =========|_|==============|___/=/_/_/_/
 :: Spring Boot ::                (v3.2.2)

WARN  24-06-25 12:23:28[main] [DuplicateJsonObjectContextCustomizerFactory$DuplicateJsonObjectContextCustomizer:78] - 

Found multiple occurrences of org.json.JSONObject on the class path:

	jar:file:/C:/Users/%ec%9d%b8%ed%8f%ac%ec%a0%84%ec%8a%a4/.m2/repository/org/json/json/20210307/json-20210307.jar!/org/json/JSONObject.class
	jar:file:/C:/Users/%ec%9d%b8%ed%8f%ac%ec%a0%84%ec%8a%a4/.m2/repository/com/vaadin/external/google/android-json/0.0.20131108.vaadin1/android-json-0.0.20131108.vaadin1.jar!/org/json/JSONObject.class

You may wish to exclude one of them to ensure predictable runtime behavior

INFO  24-06-25 12:23:28[main] [GcClientApplicationTests:50] - Starting GcClientApplicationTests using Java 21.0.1 with PID 20768 (started by 인포전스 in D:\LG_Project\GcAPIGateway)
INFO  24-06-25 12:23:29[main] [GcClientApplicationTests:660] - The following 3 profiles are active: "postgres", "oracleH", "oracleM"
INFO  24-06-25 12:23:30[main] [RepositoryConfigurationDelegate:139] - Bootstrapping Spring Data JPA repositories in DEFAULT mode.
INFO  24-06-25 12:23:30[main] [RepositoryConfigurationDelegate:208] - Finished Spring Data repository scanning in 263 ms. Found 8 JPA repository interfaces.
INFO  24-06-25 12:23:30[main] [RepositoryConfigurationDelegate:139] - Bootstrapping Spring Data JPA repositories in DEFAULT mode.
INFO  24-06-25 12:23:30[main] [RepositoryConfigurationDelegate:208] - Finished Spring Data repository scanning in 57 ms. Found 8 JPA repository interfaces.
INFO  24-06-25 12:23:30[main] [RepositoryConfigurationDelegate:139] - Bootstrapping Spring Data JPA repositories in DEFAULT mode.
INFO  24-06-25 12:23:31[main] [RepositoryConfigurationDelegate:208] - Finished Spring Data repository scanning in 61 ms. Found 7 JPA repository interfaces.
INFO  24-06-25 12:23:33[main] [SpringPersistenceUnitInfo:87] - No LoadTimeWeaver setup: ignoring JPA class transformer
WARN  24-06-25 12:23:33[main] [HikariConfig:1089] - InfogncORCLH-hikari-pool - idleTimeout has been set but has no effect because the pool is operating as a fixed size pool.
INFO  24-06-25 12:23:33[main] [HikariDataSource:110] - InfogncORCLH-hikari-pool - Starting...
WARN  24-06-25 12:23:33[main] [DriverDataSource:70] - Registered driver with driverClassName=oracle.jdbc.driver.OracleDriver was not found, trying direct instantiation.
INFO  24-06-25 12:23:34[main] [HikariPool:565] - InfogncORCLH-hikari-pool - Added connection oracle.jdbc.driver.T4CConnection@45f1413c
INFO  24-06-25 12:23:34[main] [HikariDataSource:123] - InfogncORCLH-hikari-pool - Start completed.
INFO  24-06-25 12:23:37[main] [LocalContainerEntityManagerFactoryBean:437] - Initialized JPA EntityManagerFactory for persistence unit 'oracleH'
INFO  24-06-25 12:23:37[main] [SpringPersistenceUnitInfo:87] - No LoadTimeWeaver setup: ignoring JPA class transformer
WARN  24-06-25 12:23:37[main] [HikariConfig:1089] - InfogncORCLM-hikari-pool - idleTimeout has been set but has no effect because the pool is operating as a fixed size pool.
INFO  24-06-25 12:23:37[main] [HikariDataSource:110] - InfogncORCLM-hikari-pool - Starting...
WARN  24-06-25 12:23:37[main] [DriverDataSource:70] - Registered driver with driverClassName=oracle.jdbc.driver.OracleDriver was not found, trying direct instantiation.
INFO  24-06-25 12:23:38[main] [HikariPool:565] - InfogncORCLM-hikari-pool - Added connection oracle.jdbc.driver.T4CConnection@66ab3716
INFO  24-06-25 12:23:38[main] [HikariDataSource:123] - InfogncORCLM-hikari-pool - Start completed.
INFO  24-06-25 12:23:38[main] [LocalContainerEntityManagerFactoryBean:437] - Initialized JPA EntityManagerFactory for persistence unit 'oracleM'
INFO  24-06-25 12:23:38[main] [SpringPersistenceUnitInfo:87] - No LoadTimeWeaver setup: ignoring JPA class transformer
INFO  24-06-25 12:23:38[main] [HikariDataSource:110] - Infognc-hikari-pool - Starting...
INFO  24-06-25 12:23:39[main] [HikariPool:565] - Infognc-hikari-pool - Added connection org.postgresql.jdbc.PgConnection@35ab83a7
INFO  24-06-25 12:23:39[main] [HikariDataSource:123] - Infognc-hikari-pool - Start completed.
INFO  24-06-25 12:23:39[main] [LocalContainerEntityManagerFactoryBean:437] - Initialized JPA EntityManagerFactory for persistence unit 'postgres'
INFO  24-06-25 12:23:40[main] [QueryEnhancerFactory:49] - Hibernate is in classpath; If applicable, HQL parser will be used.
WARN  24-06-25 12:23:44[main] [JpaBaseConfiguration$JpaWebConfiguration:232] - spring.jpa.open-in-view is enabled by default. Therefore, database queries may be performed during view rendering. Explicitly configure spring.jpa.open-in-view to disable this warning
INFO  24-06-25 12:23:45[main] [GcClientApplicationTests:56] - Started GcClientApplicationTests in 17.053 seconds (process running for 20.878)
]]></system-out>
    <system-err><![CDATA[WARNING: A Java agent has been loaded dynamically (C:\Users\ÀÎÆ÷Àü½º\.m2\repository\net\bytebuddy\byte-buddy-agent\1.14.11\byte-buddy-agent-1.14.11.j)
WARNING: If a serviceability tool is in use, please run with -XX:+EnableDynamicAgentLoading to hide this warning
WARNING: If a serviceability tool is not in use, please run with -Djdk.instrument.traceUsage for more information
WARNING: Dynamic loading of agents will be disallowed by default in a future release
]]></system-err>
  </testcase>
</testsuite>